<?xml version="1.0" encoding="UTF-8"?>
<testng-results ignored="0" total="2" passed="2" failed="0" skipped="0">
  <reporter-output>
  </reporter-output>
  <suite started-at="2025-09-02T10:33:54 IST" name="Suite" finished-at="2025-09-02T10:34:16 IST" duration-ms="21858">
    <groups>
    </groups>
    <test started-at="2025-09-02T10:33:54 IST" name="Test" finished-at="2025-09-02T10:34:16 IST" duration-ms="21858">
      <class name="DevopsProject_Automation.validateHomePage">
        <test-method signature="test1()[pri:0, instance:DevopsProject_Automation.validateHomePage@50eac852]" started-at="2025-09-02T10:33:54 IST" name="test1" finished-at="2025-09-02T10:34:07 IST" duration-ms="13639" status="PASS">
          <reporter-output>
          </reporter-output>
        </test-method> <!-- test1 -->
      </class> <!-- DevopsProject_Automation.validateHomePage -->
      <class name="DevopsProject_Automation.ValidateLoginPage">
        <test-method signature="test()[pri:0, instance:DevopsProject_Automation.ValidateLoginPage@20deea7f]" started-at="2025-09-02T10:34:07 IST" name="test" finished-at="2025-09-02T10:34:16 IST" duration-ms="8138" status="PASS">
          <reporter-output>
          </reporter-output>
        </test-method> <!-- test -->
      </class> <!-- DevopsProject_Automation.ValidateLoginPage -->
    </test> <!-- Test -->
  </suite> <!-- Suite -->
</testng-results>
