<?xml version="1.0" encoding="UTF-8"?>
<testng-results ignored="0" total="2" passed="2" failed="0" skipped="0">
  <reporter-output>
  </reporter-output>
  <suite started-at="2025-09-02T10:28:47 IST" name="Suite" finished-at="2025-09-02T10:29:47 IST" duration-ms="59777">
    <groups>
    </groups>
    <test started-at="2025-09-02T10:28:47 IST" name="Test" finished-at="2025-09-02T10:29:47 IST" duration-ms="59777">
      <class name="DevopsProject_Automation.validateHomePage">
        <test-method signature="test1()[pri:0, instance:DevopsProject_Automation.validateHomePage@3270d194]" started-at="2025-09-02T10:28:47 IST" name="test1" finished-at="2025-09-02T10:29:44 IST" duration-ms="56206" status="PASS">
          <reporter-output>
          </reporter-output>
        </test-method> <!-- test1 -->
      </class> <!-- DevopsProject_Automation.validateHomePage -->
      <class name="DevopsProject_Automation.ValidateLoginPage">
        <test-method signature="test()[pri:0, instance:DevopsProject_Automation.ValidateLoginPage@71d44a3]" started-at="2025-09-02T10:29:44 IST" name="test" finished-at="2025-09-02T10:29:47 IST" duration-ms="3427" status="PASS">
          <reporter-output>
          </reporter-output>
        </test-method> <!-- test -->
      </class> <!-- DevopsProject_Automation.ValidateLoginPage -->
    </test> <!-- Test -->
  </suite> <!-- Suite -->
</testng-results>
